Determining if the pthread_create exist failed with the following output:
Change Dir: /home/jasonf/Dokumente/AlgoLab-HS19-ETHZ/week3/week3/firsthit/build/release/CMakeFiles/CMakeTmp

Run Build Command:"/usr/bin/make" "cmTC_0db1f/fast"
/usr/bin/make -f CMakeFiles/cmTC_0db1f.dir/build.make CMakeFiles/cmTC_0db1f.dir/build
make[1]: Verzeichnis „/home/jasonf/Dokumente/AlgoLab-HS19-ETHZ/week3/week3/firsthit/build/release/CMakeFiles/CMakeTmp“ wird betreten
Building C object CMakeFiles/cmTC_0db1f.dir/CheckSymbolExists.c.o
/usr/bin/cc    -o CMakeFiles/cmTC_0db1f.dir/CheckSymbolExists.c.o   -c /home/jasonf/Dokumente/AlgoLab-HS19-ETHZ/week3/week3/firsthit/build/release/CMakeFiles/CMakeTmp/CheckSymbolExists.c
Linking C executable cmTC_0db1f
/usr/bin/cmake -E cmake_link_script CMakeFiles/cmTC_0db1f.dir/link.txt --verbose=1
/usr/bin/cc      -rdynamic CMakeFiles/cmTC_0db1f.dir/CheckSymbolExists.c.o  -o cmTC_0db1f 
CMakeFiles/cmTC_0db1f.dir/CheckSymbolExists.c.o: In Funktion »main«:
CheckSymbolExists.c:(.text+0x1b): Warnung: undefinierter Verweis auf »pthread_create«
collect2: error: ld returned 1 exit status
CMakeFiles/cmTC_0db1f.dir/build.make:97: recipe for target 'cmTC_0db1f' failed
make[1]: *** [cmTC_0db1f] Error 1
make[1]: Verzeichnis „/home/jasonf/Dokumente/AlgoLab-HS19-ETHZ/week3/week3/firsthit/build/release/CMakeFiles/CMakeTmp“ wird verlassen
Makefile:126: recipe for target 'cmTC_0db1f/fast' failed
make: *** [cmTC_0db1f/fast] Error 2

File /home/jasonf/Dokumente/AlgoLab-HS19-ETHZ/week3/week3/firsthit/build/release/CMakeFiles/CMakeTmp/CheckSymbolExists.c:
/* */
#include <pthread.h>

int main(int argc, char** argv)
{
  (void)argv;
#ifndef pthread_create
  return ((int*)(&pthread_create))[argc];
#else
  (void)argc;
  return 0;
#endif
}

Determining if the function pthread_create exists in the pthreads failed with the following output:
Change Dir: /home/jasonf/Dokumente/AlgoLab-HS19-ETHZ/week3/week3/firsthit/build/release/CMakeFiles/CMakeTmp

Run Build Command:"/usr/bin/make" "cmTC_996e5/fast"
/usr/bin/make -f CMakeFiles/cmTC_996e5.dir/build.make CMakeFiles/cmTC_996e5.dir/build
make[1]: Verzeichnis „/home/jasonf/Dokumente/AlgoLab-HS19-ETHZ/week3/week3/firsthit/build/release/CMakeFiles/CMakeTmp“ wird betreten
Building C object CMakeFiles/cmTC_996e5.dir/CheckFunctionExists.c.o
/usr/bin/cc   -DCHECK_FUNCTION_EXISTS=pthread_create   -o CMakeFiles/cmTC_996e5.dir/CheckFunctionExists.c.o   -c /usr/share/cmake-3.10/Modules/CheckFunctionExists.c
Linking C executable cmTC_996e5
/usr/bin/cmake -E cmake_link_script CMakeFiles/cmTC_996e5.dir/link.txt --verbose=1
/usr/bin/cc  -DCHECK_FUNCTION_EXISTS=pthread_create    -rdynamic CMakeFiles/cmTC_996e5.dir/CheckFunctionExists.c.o  -o cmTC_996e5 -lpthreads 
/usr/bin/ld: -lpthreads kann nicht gefunden werden
collect2: error: ld returned 1 exit status
CMakeFiles/cmTC_996e5.dir/build.make:97: recipe for target 'cmTC_996e5' failed
make[1]: *** [cmTC_996e5] Error 1
make[1]: Verzeichnis „/home/jasonf/Dokumente/AlgoLab-HS19-ETHZ/week3/week3/firsthit/build/release/CMakeFiles/CMakeTmp“ wird verlassen
Makefile:126: recipe for target 'cmTC_996e5/fast' failed
make: *** [cmTC_996e5/fast] Error 2


