Determining if the pthread_create exist failed with the following output:
Change Dir: /home/jasonf/Dokumente/AlgoLab-HS19-ETHZ/week5/week5/planks/build/debug/CMakeFiles/CMakeTmp

Run Build Command:"/usr/bin/make" "cmTC_25e20/fast"
/usr/bin/make -f CMakeFiles/cmTC_25e20.dir/build.make CMakeFiles/cmTC_25e20.dir/build
make[1]: Verzeichnis „/home/jasonf/Dokumente/AlgoLab-HS19-ETHZ/week5/week5/planks/build/debug/CMakeFiles/CMakeTmp“ wird betreten
Building C object CMakeFiles/cmTC_25e20.dir/CheckSymbolExists.c.o
/usr/bin/cc    -o CMakeFiles/cmTC_25e20.dir/CheckSymbolExists.c.o   -c /home/jasonf/Dokumente/AlgoLab-HS19-ETHZ/week5/week5/planks/build/debug/CMakeFiles/CMakeTmp/CheckSymbolExists.c
Linking C executable cmTC_25e20
/usr/bin/cmake -E cmake_link_script CMakeFiles/cmTC_25e20.dir/link.txt --verbose=1
/usr/bin/cc      -rdynamic CMakeFiles/cmTC_25e20.dir/CheckSymbolExists.c.o  -o cmTC_25e20 
CMakeFiles/cmTC_25e20.dir/CheckSymbolExists.c.o: In Funktion »main«:
CheckSymbolExists.c:(.text+0x1b): Warnung: undefinierter Verweis auf »pthread_create«
collect2: error: ld returned 1 exit status
CMakeFiles/cmTC_25e20.dir/build.make:97: recipe for target 'cmTC_25e20' failed
make[1]: *** [cmTC_25e20] Error 1
make[1]: Verzeichnis „/home/jasonf/Dokumente/AlgoLab-HS19-ETHZ/week5/week5/planks/build/debug/CMakeFiles/CMakeTmp“ wird verlassen
Makefile:126: recipe for target 'cmTC_25e20/fast' failed
make: *** [cmTC_25e20/fast] Error 2

File /home/jasonf/Dokumente/AlgoLab-HS19-ETHZ/week5/week5/planks/build/debug/CMakeFiles/CMakeTmp/CheckSymbolExists.c:
/* */
#include <pthread.h>

int main(int argc, char** argv)
{
  (void)argv;
#ifndef pthread_create
  return ((int*)(&pthread_create))[argc];
#else
  (void)argc;
  return 0;
#endif
}

Determining if the function pthread_create exists in the pthreads failed with the following output:
Change Dir: /home/jasonf/Dokumente/AlgoLab-HS19-ETHZ/week5/week5/planks/build/debug/CMakeFiles/CMakeTmp

Run Build Command:"/usr/bin/make" "cmTC_b3247/fast"
/usr/bin/make -f CMakeFiles/cmTC_b3247.dir/build.make CMakeFiles/cmTC_b3247.dir/build
make[1]: Verzeichnis „/home/jasonf/Dokumente/AlgoLab-HS19-ETHZ/week5/week5/planks/build/debug/CMakeFiles/CMakeTmp“ wird betreten
Building C object CMakeFiles/cmTC_b3247.dir/CheckFunctionExists.c.o
/usr/bin/cc   -DCHECK_FUNCTION_EXISTS=pthread_create   -o CMakeFiles/cmTC_b3247.dir/CheckFunctionExists.c.o   -c /usr/share/cmake-3.10/Modules/CheckFunctionExists.c
Linking C executable cmTC_b3247
/usr/bin/cmake -E cmake_link_script CMakeFiles/cmTC_b3247.dir/link.txt --verbose=1
/usr/bin/cc  -DCHECK_FUNCTION_EXISTS=pthread_create    -rdynamic CMakeFiles/cmTC_b3247.dir/CheckFunctionExists.c.o  -o cmTC_b3247 -lpthreads 
/usr/bin/ld: -lpthreads kann nicht gefunden werden
collect2: error: ld returned 1 exit status
CMakeFiles/cmTC_b3247.dir/build.make:97: recipe for target 'cmTC_b3247' failed
make[1]: *** [cmTC_b3247] Error 1
make[1]: Verzeichnis „/home/jasonf/Dokumente/AlgoLab-HS19-ETHZ/week5/week5/planks/build/debug/CMakeFiles/CMakeTmp“ wird verlassen
Makefile:126: recipe for target 'cmTC_b3247/fast' failed
make: *** [cmTC_b3247/fast] Error 2


