Determining if the pthread_create exist failed with the following output:
Change Dir: /home/jasonf/Dokumente/AlgoLab-HS19-ETHZ/week2/week2/great_game/build/debug/CMakeFiles/CMakeTmp

Run Build Command:"/usr/bin/make" "cmTC_70d8d/fast"
/usr/bin/make -f CMakeFiles/cmTC_70d8d.dir/build.make CMakeFiles/cmTC_70d8d.dir/build
make[1]: Verzeichnis „/home/jasonf/Dokumente/AlgoLab-HS19-ETHZ/week2/week2/great_game/build/debug/CMakeFiles/CMakeTmp“ wird betreten
Building C object CMakeFiles/cmTC_70d8d.dir/CheckSymbolExists.c.o
/usr/bin/cc    -o CMakeFiles/cmTC_70d8d.dir/CheckSymbolExists.c.o   -c /home/jasonf/Dokumente/AlgoLab-HS19-ETHZ/week2/week2/great_game/build/debug/CMakeFiles/CMakeTmp/CheckSymbolExists.c
Linking C executable cmTC_70d8d
/usr/bin/cmake -E cmake_link_script CMakeFiles/cmTC_70d8d.dir/link.txt --verbose=1
/usr/bin/cc      -rdynamic CMakeFiles/cmTC_70d8d.dir/CheckSymbolExists.c.o  -o cmTC_70d8d 
CMakeFiles/cmTC_70d8d.dir/CheckSymbolExists.c.o: In Funktion »main«:
CheckSymbolExists.c:(.text+0x1b): Warnung: undefinierter Verweis auf »pthread_create«
collect2: error: ld returned 1 exit status
CMakeFiles/cmTC_70d8d.dir/build.make:97: recipe for target 'cmTC_70d8d' failed
make[1]: *** [cmTC_70d8d] Error 1
make[1]: Verzeichnis „/home/jasonf/Dokumente/AlgoLab-HS19-ETHZ/week2/week2/great_game/build/debug/CMakeFiles/CMakeTmp“ wird verlassen
Makefile:126: recipe for target 'cmTC_70d8d/fast' failed
make: *** [cmTC_70d8d/fast] Error 2

File /home/jasonf/Dokumente/AlgoLab-HS19-ETHZ/week2/week2/great_game/build/debug/CMakeFiles/CMakeTmp/CheckSymbolExists.c:
/* */
#include <pthread.h>

int main(int argc, char** argv)
{
  (void)argv;
#ifndef pthread_create
  return ((int*)(&pthread_create))[argc];
#else
  (void)argc;
  return 0;
#endif
}

Determining if the function pthread_create exists in the pthreads failed with the following output:
Change Dir: /home/jasonf/Dokumente/AlgoLab-HS19-ETHZ/week2/week2/great_game/build/debug/CMakeFiles/CMakeTmp

Run Build Command:"/usr/bin/make" "cmTC_ef798/fast"
/usr/bin/make -f CMakeFiles/cmTC_ef798.dir/build.make CMakeFiles/cmTC_ef798.dir/build
make[1]: Verzeichnis „/home/jasonf/Dokumente/AlgoLab-HS19-ETHZ/week2/week2/great_game/build/debug/CMakeFiles/CMakeTmp“ wird betreten
Building C object CMakeFiles/cmTC_ef798.dir/CheckFunctionExists.c.o
/usr/bin/cc   -DCHECK_FUNCTION_EXISTS=pthread_create   -o CMakeFiles/cmTC_ef798.dir/CheckFunctionExists.c.o   -c /usr/share/cmake-3.10/Modules/CheckFunctionExists.c
Linking C executable cmTC_ef798
/usr/bin/cmake -E cmake_link_script CMakeFiles/cmTC_ef798.dir/link.txt --verbose=1
/usr/bin/cc  -DCHECK_FUNCTION_EXISTS=pthread_create    -rdynamic CMakeFiles/cmTC_ef798.dir/CheckFunctionExists.c.o  -o cmTC_ef798 -lpthreads 
/usr/bin/ld: -lpthreads kann nicht gefunden werden
collect2: error: ld returned 1 exit status
CMakeFiles/cmTC_ef798.dir/build.make:97: recipe for target 'cmTC_ef798' failed
make[1]: *** [cmTC_ef798] Error 1
make[1]: Verzeichnis „/home/jasonf/Dokumente/AlgoLab-HS19-ETHZ/week2/week2/great_game/build/debug/CMakeFiles/CMakeTmp“ wird verlassen
Makefile:126: recipe for target 'cmTC_ef798/fast' failed
make: *** [cmTC_ef798/fast] Error 2


