Determining if the pthread_create exist failed with the following output:
Change Dir: /home/jasonf/Dokumente/AlgoLab-HS19-ETHZ/week8/bistro/build/release/CMakeFiles/CMakeTmp

Run Build Command:"/usr/bin/make" "cmTC_da494/fast"
/usr/bin/make -f CMakeFiles/cmTC_da494.dir/build.make CMakeFiles/cmTC_da494.dir/build
make[1]: Verzeichnis „/home/jasonf/Dokumente/AlgoLab-HS19-ETHZ/week8/bistro/build/release/CMakeFiles/CMakeTmp“ wird betreten
Building C object CMakeFiles/cmTC_da494.dir/CheckSymbolExists.c.o
/usr/bin/cc    -o CMakeFiles/cmTC_da494.dir/CheckSymbolExists.c.o   -c /home/jasonf/Dokumente/AlgoLab-HS19-ETHZ/week8/bistro/build/release/CMakeFiles/CMakeTmp/CheckSymbolExists.c
Linking C executable cmTC_da494
/usr/bin/cmake -E cmake_link_script CMakeFiles/cmTC_da494.dir/link.txt --verbose=1
/usr/bin/cc      -rdynamic CMakeFiles/cmTC_da494.dir/CheckSymbolExists.c.o  -o cmTC_da494 
CMakeFiles/cmTC_da494.dir/CheckSymbolExists.c.o: In Funktion »main«:
CheckSymbolExists.c:(.text+0x1b): Warnung: undefinierter Verweis auf »pthread_create«
collect2: error: ld returned 1 exit status
CMakeFiles/cmTC_da494.dir/build.make:97: recipe for target 'cmTC_da494' failed
make[1]: *** [cmTC_da494] Error 1
make[1]: Verzeichnis „/home/jasonf/Dokumente/AlgoLab-HS19-ETHZ/week8/bistro/build/release/CMakeFiles/CMakeTmp“ wird verlassen
Makefile:126: recipe for target 'cmTC_da494/fast' failed
make: *** [cmTC_da494/fast] Error 2

File /home/jasonf/Dokumente/AlgoLab-HS19-ETHZ/week8/bistro/build/release/CMakeFiles/CMakeTmp/CheckSymbolExists.c:
/* */
#include <pthread.h>

int main(int argc, char** argv)
{
  (void)argv;
#ifndef pthread_create
  return ((int*)(&pthread_create))[argc];
#else
  (void)argc;
  return 0;
#endif
}

Determining if the function pthread_create exists in the pthreads failed with the following output:
Change Dir: /home/jasonf/Dokumente/AlgoLab-HS19-ETHZ/week8/bistro/build/release/CMakeFiles/CMakeTmp

Run Build Command:"/usr/bin/make" "cmTC_57b60/fast"
/usr/bin/make -f CMakeFiles/cmTC_57b60.dir/build.make CMakeFiles/cmTC_57b60.dir/build
make[1]: Verzeichnis „/home/jasonf/Dokumente/AlgoLab-HS19-ETHZ/week8/bistro/build/release/CMakeFiles/CMakeTmp“ wird betreten
Building C object CMakeFiles/cmTC_57b60.dir/CheckFunctionExists.c.o
/usr/bin/cc   -DCHECK_FUNCTION_EXISTS=pthread_create   -o CMakeFiles/cmTC_57b60.dir/CheckFunctionExists.c.o   -c /usr/share/cmake-3.10/Modules/CheckFunctionExists.c
Linking C executable cmTC_57b60
/usr/bin/cmake -E cmake_link_script CMakeFiles/cmTC_57b60.dir/link.txt --verbose=1
/usr/bin/cc  -DCHECK_FUNCTION_EXISTS=pthread_create    -rdynamic CMakeFiles/cmTC_57b60.dir/CheckFunctionExists.c.o  -o cmTC_57b60 -lpthreads 
/usr/bin/ld: -lpthreads kann nicht gefunden werden
collect2: error: ld returned 1 exit status
CMakeFiles/cmTC_57b60.dir/build.make:97: recipe for target 'cmTC_57b60' failed
make[1]: *** [cmTC_57b60] Error 1
make[1]: Verzeichnis „/home/jasonf/Dokumente/AlgoLab-HS19-ETHZ/week8/bistro/build/release/CMakeFiles/CMakeTmp“ wird verlassen
Makefile:126: recipe for target 'cmTC_57b60/fast' failed
make: *** [cmTC_57b60/fast] Error 2


