Determining if the pthread_create exist failed with the following output:
Change Dir: /home/jasonf/Dokumente/AlgoLab-HS19-ETHZ/week1/week1/dominoes/build/release/CMakeFiles/CMakeTmp

Run Build Command:"/usr/bin/make" "cmTC_94261/fast"
/usr/bin/make -f CMakeFiles/cmTC_94261.dir/build.make CMakeFiles/cmTC_94261.dir/build
make[1]: Verzeichnis „/home/jasonf/Dokumente/AlgoLab-HS19-ETHZ/week1/week1/dominoes/build/release/CMakeFiles/CMakeTmp“ wird betreten
Building C object CMakeFiles/cmTC_94261.dir/CheckSymbolExists.c.o
/usr/bin/cc    -o CMakeFiles/cmTC_94261.dir/CheckSymbolExists.c.o   -c /home/jasonf/Dokumente/AlgoLab-HS19-ETHZ/week1/week1/dominoes/build/release/CMakeFiles/CMakeTmp/CheckSymbolExists.c
Linking C executable cmTC_94261
/usr/bin/cmake -E cmake_link_script CMakeFiles/cmTC_94261.dir/link.txt --verbose=1
/usr/bin/cc      -rdynamic CMakeFiles/cmTC_94261.dir/CheckSymbolExists.c.o  -o cmTC_94261 
CMakeFiles/cmTC_94261.dir/CheckSymbolExists.c.o: In Funktion »main«:
CheckSymbolExists.c:(.text+0x1b): Warnung: undefinierter Verweis auf »pthread_create«
collect2: error: ld returned 1 exit status
CMakeFiles/cmTC_94261.dir/build.make:97: recipe for target 'cmTC_94261' failed
make[1]: *** [cmTC_94261] Error 1
make[1]: Verzeichnis „/home/jasonf/Dokumente/AlgoLab-HS19-ETHZ/week1/week1/dominoes/build/release/CMakeFiles/CMakeTmp“ wird verlassen
Makefile:126: recipe for target 'cmTC_94261/fast' failed
make: *** [cmTC_94261/fast] Error 2

File /home/jasonf/Dokumente/AlgoLab-HS19-ETHZ/week1/week1/dominoes/build/release/CMakeFiles/CMakeTmp/CheckSymbolExists.c:
/* */
#include <pthread.h>

int main(int argc, char** argv)
{
  (void)argv;
#ifndef pthread_create
  return ((int*)(&pthread_create))[argc];
#else
  (void)argc;
  return 0;
#endif
}

Determining if the function pthread_create exists in the pthreads failed with the following output:
Change Dir: /home/jasonf/Dokumente/AlgoLab-HS19-ETHZ/week1/week1/dominoes/build/release/CMakeFiles/CMakeTmp

Run Build Command:"/usr/bin/make" "cmTC_6ecdb/fast"
/usr/bin/make -f CMakeFiles/cmTC_6ecdb.dir/build.make CMakeFiles/cmTC_6ecdb.dir/build
make[1]: Verzeichnis „/home/jasonf/Dokumente/AlgoLab-HS19-ETHZ/week1/week1/dominoes/build/release/CMakeFiles/CMakeTmp“ wird betreten
Building C object CMakeFiles/cmTC_6ecdb.dir/CheckFunctionExists.c.o
/usr/bin/cc   -DCHECK_FUNCTION_EXISTS=pthread_create   -o CMakeFiles/cmTC_6ecdb.dir/CheckFunctionExists.c.o   -c /usr/share/cmake-3.10/Modules/CheckFunctionExists.c
Linking C executable cmTC_6ecdb
/usr/bin/cmake -E cmake_link_script CMakeFiles/cmTC_6ecdb.dir/link.txt --verbose=1
/usr/bin/cc  -DCHECK_FUNCTION_EXISTS=pthread_create    -rdynamic CMakeFiles/cmTC_6ecdb.dir/CheckFunctionExists.c.o  -o cmTC_6ecdb -lpthreads 
/usr/bin/ld: -lpthreads kann nicht gefunden werden
collect2: error: ld returned 1 exit status
CMakeFiles/cmTC_6ecdb.dir/build.make:97: recipe for target 'cmTC_6ecdb' failed
make[1]: *** [cmTC_6ecdb] Error 1
make[1]: Verzeichnis „/home/jasonf/Dokumente/AlgoLab-HS19-ETHZ/week1/week1/dominoes/build/release/CMakeFiles/CMakeTmp“ wird verlassen
Makefile:126: recipe for target 'cmTC_6ecdb/fast' failed
make: *** [cmTC_6ecdb/fast] Error 2


