Determining if the pthread_create exist failed with the following output:
Change Dir: /home/jasonf/Dokumente/AlgoLab-HS19-ETHZ/week2/week2/beach_bars/build/release/CMakeFiles/CMakeTmp

Run Build Command:"/usr/bin/make" "cmTC_1bf00/fast"
/usr/bin/make -f CMakeFiles/cmTC_1bf00.dir/build.make CMakeFiles/cmTC_1bf00.dir/build
make[1]: Verzeichnis „/home/jasonf/Dokumente/AlgoLab-HS19-ETHZ/week2/week2/beach_bars/build/release/CMakeFiles/CMakeTmp“ wird betreten
Building C object CMakeFiles/cmTC_1bf00.dir/CheckSymbolExists.c.o
/usr/bin/cc    -o CMakeFiles/cmTC_1bf00.dir/CheckSymbolExists.c.o   -c /home/jasonf/Dokumente/AlgoLab-HS19-ETHZ/week2/week2/beach_bars/build/release/CMakeFiles/CMakeTmp/CheckSymbolExists.c
Linking C executable cmTC_1bf00
/usr/bin/cmake -E cmake_link_script CMakeFiles/cmTC_1bf00.dir/link.txt --verbose=1
/usr/bin/cc      -rdynamic CMakeFiles/cmTC_1bf00.dir/CheckSymbolExists.c.o  -o cmTC_1bf00 
CMakeFiles/cmTC_1bf00.dir/CheckSymbolExists.c.o: In Funktion »main«:
CheckSymbolExists.c:(.text+0x1b): Warnung: undefinierter Verweis auf »pthread_create«
collect2: error: ld returned 1 exit status
CMakeFiles/cmTC_1bf00.dir/build.make:97: recipe for target 'cmTC_1bf00' failed
make[1]: *** [cmTC_1bf00] Error 1
make[1]: Verzeichnis „/home/jasonf/Dokumente/AlgoLab-HS19-ETHZ/week2/week2/beach_bars/build/release/CMakeFiles/CMakeTmp“ wird verlassen
Makefile:126: recipe for target 'cmTC_1bf00/fast' failed
make: *** [cmTC_1bf00/fast] Error 2

File /home/jasonf/Dokumente/AlgoLab-HS19-ETHZ/week2/week2/beach_bars/build/release/CMakeFiles/CMakeTmp/CheckSymbolExists.c:
/* */
#include <pthread.h>

int main(int argc, char** argv)
{
  (void)argv;
#ifndef pthread_create
  return ((int*)(&pthread_create))[argc];
#else
  (void)argc;
  return 0;
#endif
}

Determining if the function pthread_create exists in the pthreads failed with the following output:
Change Dir: /home/jasonf/Dokumente/AlgoLab-HS19-ETHZ/week2/week2/beach_bars/build/release/CMakeFiles/CMakeTmp

Run Build Command:"/usr/bin/make" "cmTC_ccbb1/fast"
/usr/bin/make -f CMakeFiles/cmTC_ccbb1.dir/build.make CMakeFiles/cmTC_ccbb1.dir/build
make[1]: Verzeichnis „/home/jasonf/Dokumente/AlgoLab-HS19-ETHZ/week2/week2/beach_bars/build/release/CMakeFiles/CMakeTmp“ wird betreten
Building C object CMakeFiles/cmTC_ccbb1.dir/CheckFunctionExists.c.o
/usr/bin/cc   -DCHECK_FUNCTION_EXISTS=pthread_create   -o CMakeFiles/cmTC_ccbb1.dir/CheckFunctionExists.c.o   -c /usr/share/cmake-3.10/Modules/CheckFunctionExists.c
Linking C executable cmTC_ccbb1
/usr/bin/cmake -E cmake_link_script CMakeFiles/cmTC_ccbb1.dir/link.txt --verbose=1
/usr/bin/cc  -DCHECK_FUNCTION_EXISTS=pthread_create    -rdynamic CMakeFiles/cmTC_ccbb1.dir/CheckFunctionExists.c.o  -o cmTC_ccbb1 -lpthreads 
/usr/bin/ld: -lpthreads kann nicht gefunden werden
collect2: error: ld returned 1 exit status
CMakeFiles/cmTC_ccbb1.dir/build.make:97: recipe for target 'cmTC_ccbb1' failed
make[1]: *** [cmTC_ccbb1] Error 1
make[1]: Verzeichnis „/home/jasonf/Dokumente/AlgoLab-HS19-ETHZ/week2/week2/beach_bars/build/release/CMakeFiles/CMakeTmp“ wird verlassen
Makefile:126: recipe for target 'cmTC_ccbb1/fast' failed
make: *** [cmTC_ccbb1/fast] Error 2


