Determining if the pthread_create exist failed with the following output:
Change Dir: /home/jasonf/Dokumente/AlgoLab-HS19-ETHZ/week3/week3/hit/build/debug/CMakeFiles/CMakeTmp

Run Build Command:"/usr/bin/make" "cmTC_350db/fast"
/usr/bin/make -f CMakeFiles/cmTC_350db.dir/build.make CMakeFiles/cmTC_350db.dir/build
make[1]: Verzeichnis „/home/jasonf/Dokumente/AlgoLab-HS19-ETHZ/week3/week3/hit/build/debug/CMakeFiles/CMakeTmp“ wird betreten
Building C object CMakeFiles/cmTC_350db.dir/CheckSymbolExists.c.o
/usr/bin/cc    -o CMakeFiles/cmTC_350db.dir/CheckSymbolExists.c.o   -c /home/jasonf/Dokumente/AlgoLab-HS19-ETHZ/week3/week3/hit/build/debug/CMakeFiles/CMakeTmp/CheckSymbolExists.c
Linking C executable cmTC_350db
/usr/bin/cmake -E cmake_link_script CMakeFiles/cmTC_350db.dir/link.txt --verbose=1
/usr/bin/cc      -rdynamic CMakeFiles/cmTC_350db.dir/CheckSymbolExists.c.o  -o cmTC_350db 
CMakeFiles/cmTC_350db.dir/CheckSymbolExists.c.o: In Funktion »main«:
CheckSymbolExists.c:(.text+0x1b): Warnung: undefinierter Verweis auf »pthread_create«
collect2: error: ld returned 1 exit status
CMakeFiles/cmTC_350db.dir/build.make:97: recipe for target 'cmTC_350db' failed
make[1]: *** [cmTC_350db] Error 1
make[1]: Verzeichnis „/home/jasonf/Dokumente/AlgoLab-HS19-ETHZ/week3/week3/hit/build/debug/CMakeFiles/CMakeTmp“ wird verlassen
Makefile:126: recipe for target 'cmTC_350db/fast' failed
make: *** [cmTC_350db/fast] Error 2

File /home/jasonf/Dokumente/AlgoLab-HS19-ETHZ/week3/week3/hit/build/debug/CMakeFiles/CMakeTmp/CheckSymbolExists.c:
/* */
#include <pthread.h>

int main(int argc, char** argv)
{
  (void)argv;
#ifndef pthread_create
  return ((int*)(&pthread_create))[argc];
#else
  (void)argc;
  return 0;
#endif
}

Determining if the function pthread_create exists in the pthreads failed with the following output:
Change Dir: /home/jasonf/Dokumente/AlgoLab-HS19-ETHZ/week3/week3/hit/build/debug/CMakeFiles/CMakeTmp

Run Build Command:"/usr/bin/make" "cmTC_bd7ec/fast"
/usr/bin/make -f CMakeFiles/cmTC_bd7ec.dir/build.make CMakeFiles/cmTC_bd7ec.dir/build
make[1]: Verzeichnis „/home/jasonf/Dokumente/AlgoLab-HS19-ETHZ/week3/week3/hit/build/debug/CMakeFiles/CMakeTmp“ wird betreten
Building C object CMakeFiles/cmTC_bd7ec.dir/CheckFunctionExists.c.o
/usr/bin/cc   -DCHECK_FUNCTION_EXISTS=pthread_create   -o CMakeFiles/cmTC_bd7ec.dir/CheckFunctionExists.c.o   -c /usr/share/cmake-3.10/Modules/CheckFunctionExists.c
Linking C executable cmTC_bd7ec
/usr/bin/cmake -E cmake_link_script CMakeFiles/cmTC_bd7ec.dir/link.txt --verbose=1
/usr/bin/cc  -DCHECK_FUNCTION_EXISTS=pthread_create    -rdynamic CMakeFiles/cmTC_bd7ec.dir/CheckFunctionExists.c.o  -o cmTC_bd7ec -lpthreads 
/usr/bin/ld: -lpthreads kann nicht gefunden werden
collect2: error: ld returned 1 exit status
CMakeFiles/cmTC_bd7ec.dir/build.make:97: recipe for target 'cmTC_bd7ec' failed
make[1]: *** [cmTC_bd7ec] Error 1
make[1]: Verzeichnis „/home/jasonf/Dokumente/AlgoLab-HS19-ETHZ/week3/week3/hit/build/debug/CMakeFiles/CMakeTmp“ wird verlassen
Makefile:126: recipe for target 'cmTC_bd7ec/fast' failed
make: *** [cmTC_bd7ec/fast] Error 2


