Determining if the pthread_create exist failed with the following output:
Change Dir: /home/jasonf/Dokumente/AlgoLab-HS19-ETHZ/week6/tetris/build/release/CMakeFiles/CMakeTmp

Run Build Command:"/usr/bin/make" "cmTC_fc93e/fast"
/usr/bin/make -f CMakeFiles/cmTC_fc93e.dir/build.make CMakeFiles/cmTC_fc93e.dir/build
make[1]: Verzeichnis „/home/jasonf/Dokumente/AlgoLab-HS19-ETHZ/week6/tetris/build/release/CMakeFiles/CMakeTmp“ wird betreten
Building C object CMakeFiles/cmTC_fc93e.dir/CheckSymbolExists.c.o
/usr/bin/cc    -o CMakeFiles/cmTC_fc93e.dir/CheckSymbolExists.c.o   -c /home/jasonf/Dokumente/AlgoLab-HS19-ETHZ/week6/tetris/build/release/CMakeFiles/CMakeTmp/CheckSymbolExists.c
Linking C executable cmTC_fc93e
/usr/bin/cmake -E cmake_link_script CMakeFiles/cmTC_fc93e.dir/link.txt --verbose=1
/usr/bin/cc      -rdynamic CMakeFiles/cmTC_fc93e.dir/CheckSymbolExists.c.o  -o cmTC_fc93e 
CMakeFiles/cmTC_fc93e.dir/CheckSymbolExists.c.o: In Funktion »main«:
CheckSymbolExists.c:(.text+0x1b): Warnung: undefinierter Verweis auf »pthread_create«
collect2: error: ld returned 1 exit status
CMakeFiles/cmTC_fc93e.dir/build.make:97: recipe for target 'cmTC_fc93e' failed
make[1]: *** [cmTC_fc93e] Error 1
make[1]: Verzeichnis „/home/jasonf/Dokumente/AlgoLab-HS19-ETHZ/week6/tetris/build/release/CMakeFiles/CMakeTmp“ wird verlassen
Makefile:126: recipe for target 'cmTC_fc93e/fast' failed
make: *** [cmTC_fc93e/fast] Error 2

File /home/jasonf/Dokumente/AlgoLab-HS19-ETHZ/week6/tetris/build/release/CMakeFiles/CMakeTmp/CheckSymbolExists.c:
/* */
#include <pthread.h>

int main(int argc, char** argv)
{
  (void)argv;
#ifndef pthread_create
  return ((int*)(&pthread_create))[argc];
#else
  (void)argc;
  return 0;
#endif
}

Determining if the function pthread_create exists in the pthreads failed with the following output:
Change Dir: /home/jasonf/Dokumente/AlgoLab-HS19-ETHZ/week6/tetris/build/release/CMakeFiles/CMakeTmp

Run Build Command:"/usr/bin/make" "cmTC_431ea/fast"
/usr/bin/make -f CMakeFiles/cmTC_431ea.dir/build.make CMakeFiles/cmTC_431ea.dir/build
make[1]: Verzeichnis „/home/jasonf/Dokumente/AlgoLab-HS19-ETHZ/week6/tetris/build/release/CMakeFiles/CMakeTmp“ wird betreten
Building C object CMakeFiles/cmTC_431ea.dir/CheckFunctionExists.c.o
/usr/bin/cc   -DCHECK_FUNCTION_EXISTS=pthread_create   -o CMakeFiles/cmTC_431ea.dir/CheckFunctionExists.c.o   -c /usr/share/cmake-3.10/Modules/CheckFunctionExists.c
Linking C executable cmTC_431ea
/usr/bin/cmake -E cmake_link_script CMakeFiles/cmTC_431ea.dir/link.txt --verbose=1
/usr/bin/cc  -DCHECK_FUNCTION_EXISTS=pthread_create    -rdynamic CMakeFiles/cmTC_431ea.dir/CheckFunctionExists.c.o  -o cmTC_431ea -lpthreads 
/usr/bin/ld: -lpthreads kann nicht gefunden werden
collect2: error: ld returned 1 exit status
CMakeFiles/cmTC_431ea.dir/build.make:97: recipe for target 'cmTC_431ea' failed
make[1]: *** [cmTC_431ea] Error 1
make[1]: Verzeichnis „/home/jasonf/Dokumente/AlgoLab-HS19-ETHZ/week6/tetris/build/release/CMakeFiles/CMakeTmp“ wird verlassen
Makefile:126: recipe for target 'cmTC_431ea/fast' failed
make: *** [cmTC_431ea/fast] Error 2


