Determining if the pthread_create exist failed with the following output:
Change Dir: /home/jasonf/Dokumente/AlgoLab-HS19-ETHZ/week12/san_francisco/build/release/CMakeFiles/CMakeTmp

Run Build Command:"/usr/bin/make" "cmTC_5cab9/fast"
/usr/bin/make -f CMakeFiles/cmTC_5cab9.dir/build.make CMakeFiles/cmTC_5cab9.dir/build
make[1]: Verzeichnis „/home/jasonf/Dokumente/AlgoLab-HS19-ETHZ/week12/san_francisco/build/release/CMakeFiles/CMakeTmp“ wird betreten
Building C object CMakeFiles/cmTC_5cab9.dir/CheckSymbolExists.c.o
/usr/bin/cc    -o CMakeFiles/cmTC_5cab9.dir/CheckSymbolExists.c.o   -c /home/jasonf/Dokumente/AlgoLab-HS19-ETHZ/week12/san_francisco/build/release/CMakeFiles/CMakeTmp/CheckSymbolExists.c
Linking C executable cmTC_5cab9
/usr/bin/cmake -E cmake_link_script CMakeFiles/cmTC_5cab9.dir/link.txt --verbose=1
/usr/bin/cc      -rdynamic CMakeFiles/cmTC_5cab9.dir/CheckSymbolExists.c.o  -o cmTC_5cab9 
CMakeFiles/cmTC_5cab9.dir/CheckSymbolExists.c.o: In Funktion »main«:
CheckSymbolExists.c:(.text+0x1b): Warnung: undefinierter Verweis auf »pthread_create«
collect2: error: ld returned 1 exit status
CMakeFiles/cmTC_5cab9.dir/build.make:97: recipe for target 'cmTC_5cab9' failed
make[1]: *** [cmTC_5cab9] Error 1
make[1]: Verzeichnis „/home/jasonf/Dokumente/AlgoLab-HS19-ETHZ/week12/san_francisco/build/release/CMakeFiles/CMakeTmp“ wird verlassen
Makefile:126: recipe for target 'cmTC_5cab9/fast' failed
make: *** [cmTC_5cab9/fast] Error 2

File /home/jasonf/Dokumente/AlgoLab-HS19-ETHZ/week12/san_francisco/build/release/CMakeFiles/CMakeTmp/CheckSymbolExists.c:
/* */
#include <pthread.h>

int main(int argc, char** argv)
{
  (void)argv;
#ifndef pthread_create
  return ((int*)(&pthread_create))[argc];
#else
  (void)argc;
  return 0;
#endif
}

Determining if the function pthread_create exists in the pthreads failed with the following output:
Change Dir: /home/jasonf/Dokumente/AlgoLab-HS19-ETHZ/week12/san_francisco/build/release/CMakeFiles/CMakeTmp

Run Build Command:"/usr/bin/make" "cmTC_b2c15/fast"
/usr/bin/make -f CMakeFiles/cmTC_b2c15.dir/build.make CMakeFiles/cmTC_b2c15.dir/build
make[1]: Verzeichnis „/home/jasonf/Dokumente/AlgoLab-HS19-ETHZ/week12/san_francisco/build/release/CMakeFiles/CMakeTmp“ wird betreten
Building C object CMakeFiles/cmTC_b2c15.dir/CheckFunctionExists.c.o
/usr/bin/cc   -DCHECK_FUNCTION_EXISTS=pthread_create   -o CMakeFiles/cmTC_b2c15.dir/CheckFunctionExists.c.o   -c /usr/share/cmake-3.10/Modules/CheckFunctionExists.c
Linking C executable cmTC_b2c15
/usr/bin/cmake -E cmake_link_script CMakeFiles/cmTC_b2c15.dir/link.txt --verbose=1
/usr/bin/cc  -DCHECK_FUNCTION_EXISTS=pthread_create    -rdynamic CMakeFiles/cmTC_b2c15.dir/CheckFunctionExists.c.o  -o cmTC_b2c15 -lpthreads 
/usr/bin/ld: -lpthreads kann nicht gefunden werden
collect2: error: ld returned 1 exit status
CMakeFiles/cmTC_b2c15.dir/build.make:97: recipe for target 'cmTC_b2c15' failed
make[1]: *** [cmTC_b2c15] Error 1
make[1]: Verzeichnis „/home/jasonf/Dokumente/AlgoLab-HS19-ETHZ/week12/san_francisco/build/release/CMakeFiles/CMakeTmp“ wird verlassen
Makefile:126: recipe for target 'cmTC_b2c15/fast' failed
make: *** [cmTC_b2c15/fast] Error 2


