Determining if the pthread_create exist failed with the following output:
Change Dir: /home/jasonf/Dokumente/AlgoLab-HS19-ETHZ/week1/week1/dominoes/build/debug/CMakeFiles/CMakeTmp

Run Build Command:"/usr/bin/make" "cmTC_0a53e/fast"
/usr/bin/make -f CMakeFiles/cmTC_0a53e.dir/build.make CMakeFiles/cmTC_0a53e.dir/build
make[1]: Verzeichnis „/home/jasonf/Dokumente/AlgoLab-HS19-ETHZ/week1/week1/dominoes/build/debug/CMakeFiles/CMakeTmp“ wird betreten
Building C object CMakeFiles/cmTC_0a53e.dir/CheckSymbolExists.c.o
/usr/bin/cc    -o CMakeFiles/cmTC_0a53e.dir/CheckSymbolExists.c.o   -c /home/jasonf/Dokumente/AlgoLab-HS19-ETHZ/week1/week1/dominoes/build/debug/CMakeFiles/CMakeTmp/CheckSymbolExists.c
Linking C executable cmTC_0a53e
/usr/bin/cmake -E cmake_link_script CMakeFiles/cmTC_0a53e.dir/link.txt --verbose=1
/usr/bin/cc      -rdynamic CMakeFiles/cmTC_0a53e.dir/CheckSymbolExists.c.o  -o cmTC_0a53e 
CMakeFiles/cmTC_0a53e.dir/CheckSymbolExists.c.o: In Funktion »main«:
CheckSymbolExists.c:(.text+0x1b): Warnung: undefinierter Verweis auf »pthread_create«
collect2: error: ld returned 1 exit status
CMakeFiles/cmTC_0a53e.dir/build.make:97: recipe for target 'cmTC_0a53e' failed
make[1]: *** [cmTC_0a53e] Error 1
make[1]: Verzeichnis „/home/jasonf/Dokumente/AlgoLab-HS19-ETHZ/week1/week1/dominoes/build/debug/CMakeFiles/CMakeTmp“ wird verlassen
Makefile:126: recipe for target 'cmTC_0a53e/fast' failed
make: *** [cmTC_0a53e/fast] Error 2

File /home/jasonf/Dokumente/AlgoLab-HS19-ETHZ/week1/week1/dominoes/build/debug/CMakeFiles/CMakeTmp/CheckSymbolExists.c:
/* */
#include <pthread.h>

int main(int argc, char** argv)
{
  (void)argv;
#ifndef pthread_create
  return ((int*)(&pthread_create))[argc];
#else
  (void)argc;
  return 0;
#endif
}

Determining if the function pthread_create exists in the pthreads failed with the following output:
Change Dir: /home/jasonf/Dokumente/AlgoLab-HS19-ETHZ/week1/week1/dominoes/build/debug/CMakeFiles/CMakeTmp

Run Build Command:"/usr/bin/make" "cmTC_91fbc/fast"
/usr/bin/make -f CMakeFiles/cmTC_91fbc.dir/build.make CMakeFiles/cmTC_91fbc.dir/build
make[1]: Verzeichnis „/home/jasonf/Dokumente/AlgoLab-HS19-ETHZ/week1/week1/dominoes/build/debug/CMakeFiles/CMakeTmp“ wird betreten
Building C object CMakeFiles/cmTC_91fbc.dir/CheckFunctionExists.c.o
/usr/bin/cc   -DCHECK_FUNCTION_EXISTS=pthread_create   -o CMakeFiles/cmTC_91fbc.dir/CheckFunctionExists.c.o   -c /usr/share/cmake-3.10/Modules/CheckFunctionExists.c
Linking C executable cmTC_91fbc
/usr/bin/cmake -E cmake_link_script CMakeFiles/cmTC_91fbc.dir/link.txt --verbose=1
/usr/bin/cc  -DCHECK_FUNCTION_EXISTS=pthread_create    -rdynamic CMakeFiles/cmTC_91fbc.dir/CheckFunctionExists.c.o  -o cmTC_91fbc -lpthreads 
/usr/bin/ld: -lpthreads kann nicht gefunden werden
collect2: error: ld returned 1 exit status
CMakeFiles/cmTC_91fbc.dir/build.make:97: recipe for target 'cmTC_91fbc' failed
make[1]: *** [cmTC_91fbc] Error 1
make[1]: Verzeichnis „/home/jasonf/Dokumente/AlgoLab-HS19-ETHZ/week1/week1/dominoes/build/debug/CMakeFiles/CMakeTmp“ wird verlassen
Makefile:126: recipe for target 'cmTC_91fbc/fast' failed
make: *** [cmTC_91fbc/fast] Error 2


