Determining if the pthread_create exist failed with the following output:
Change Dir: /home/jasonf/Dokumente/AlgoLab-HS19-ETHZ/week4/week4/ant_challenge/build/debug/CMakeFiles/CMakeTmp

Run Build Command:"/usr/bin/make" "cmTC_e5ba1/fast"
/usr/bin/make -f CMakeFiles/cmTC_e5ba1.dir/build.make CMakeFiles/cmTC_e5ba1.dir/build
make[1]: Verzeichnis „/home/jasonf/Dokumente/AlgoLab-HS19-ETHZ/week4/week4/ant_challenge/build/debug/CMakeFiles/CMakeTmp“ wird betreten
Building C object CMakeFiles/cmTC_e5ba1.dir/CheckSymbolExists.c.o
/usr/bin/cc    -o CMakeFiles/cmTC_e5ba1.dir/CheckSymbolExists.c.o   -c /home/jasonf/Dokumente/AlgoLab-HS19-ETHZ/week4/week4/ant_challenge/build/debug/CMakeFiles/CMakeTmp/CheckSymbolExists.c
Linking C executable cmTC_e5ba1
/usr/bin/cmake -E cmake_link_script CMakeFiles/cmTC_e5ba1.dir/link.txt --verbose=1
/usr/bin/cc      -rdynamic CMakeFiles/cmTC_e5ba1.dir/CheckSymbolExists.c.o  -o cmTC_e5ba1 
CMakeFiles/cmTC_e5ba1.dir/CheckSymbolExists.c.o: In Funktion »main«:
CheckSymbolExists.c:(.text+0x1b): Warnung: undefinierter Verweis auf »pthread_create«
collect2: error: ld returned 1 exit status
CMakeFiles/cmTC_e5ba1.dir/build.make:97: recipe for target 'cmTC_e5ba1' failed
make[1]: *** [cmTC_e5ba1] Error 1
make[1]: Verzeichnis „/home/jasonf/Dokumente/AlgoLab-HS19-ETHZ/week4/week4/ant_challenge/build/debug/CMakeFiles/CMakeTmp“ wird verlassen
Makefile:126: recipe for target 'cmTC_e5ba1/fast' failed
make: *** [cmTC_e5ba1/fast] Error 2

File /home/jasonf/Dokumente/AlgoLab-HS19-ETHZ/week4/week4/ant_challenge/build/debug/CMakeFiles/CMakeTmp/CheckSymbolExists.c:
/* */
#include <pthread.h>

int main(int argc, char** argv)
{
  (void)argv;
#ifndef pthread_create
  return ((int*)(&pthread_create))[argc];
#else
  (void)argc;
  return 0;
#endif
}

Determining if the function pthread_create exists in the pthreads failed with the following output:
Change Dir: /home/jasonf/Dokumente/AlgoLab-HS19-ETHZ/week4/week4/ant_challenge/build/debug/CMakeFiles/CMakeTmp

Run Build Command:"/usr/bin/make" "cmTC_378c8/fast"
/usr/bin/make -f CMakeFiles/cmTC_378c8.dir/build.make CMakeFiles/cmTC_378c8.dir/build
make[1]: Verzeichnis „/home/jasonf/Dokumente/AlgoLab-HS19-ETHZ/week4/week4/ant_challenge/build/debug/CMakeFiles/CMakeTmp“ wird betreten
Building C object CMakeFiles/cmTC_378c8.dir/CheckFunctionExists.c.o
/usr/bin/cc   -DCHECK_FUNCTION_EXISTS=pthread_create   -o CMakeFiles/cmTC_378c8.dir/CheckFunctionExists.c.o   -c /usr/share/cmake-3.10/Modules/CheckFunctionExists.c
Linking C executable cmTC_378c8
/usr/bin/cmake -E cmake_link_script CMakeFiles/cmTC_378c8.dir/link.txt --verbose=1
/usr/bin/cc  -DCHECK_FUNCTION_EXISTS=pthread_create    -rdynamic CMakeFiles/cmTC_378c8.dir/CheckFunctionExists.c.o  -o cmTC_378c8 -lpthreads 
/usr/bin/ld: -lpthreads kann nicht gefunden werden
collect2: error: ld returned 1 exit status
CMakeFiles/cmTC_378c8.dir/build.make:97: recipe for target 'cmTC_378c8' failed
make[1]: *** [cmTC_378c8] Error 1
make[1]: Verzeichnis „/home/jasonf/Dokumente/AlgoLab-HS19-ETHZ/week4/week4/ant_challenge/build/debug/CMakeFiles/CMakeTmp“ wird verlassen
Makefile:126: recipe for target 'cmTC_378c8/fast' failed
make: *** [cmTC_378c8/fast] Error 2


