Determining if the pthread_create exist failed with the following output:
Change Dir: /home/jasonf/Dokumente/AlgoLab-HS19-ETHZ/week5/week5/punch/build/release/CMakeFiles/CMakeTmp

Run Build Command:"/usr/bin/make" "cmTC_c71da/fast"
/usr/bin/make -f CMakeFiles/cmTC_c71da.dir/build.make CMakeFiles/cmTC_c71da.dir/build
make[1]: Verzeichnis „/home/jasonf/Dokumente/AlgoLab-HS19-ETHZ/week5/week5/punch/build/release/CMakeFiles/CMakeTmp“ wird betreten
Building C object CMakeFiles/cmTC_c71da.dir/CheckSymbolExists.c.o
/usr/bin/cc    -o CMakeFiles/cmTC_c71da.dir/CheckSymbolExists.c.o   -c /home/jasonf/Dokumente/AlgoLab-HS19-ETHZ/week5/week5/punch/build/release/CMakeFiles/CMakeTmp/CheckSymbolExists.c
Linking C executable cmTC_c71da
/usr/bin/cmake -E cmake_link_script CMakeFiles/cmTC_c71da.dir/link.txt --verbose=1
/usr/bin/cc      -rdynamic CMakeFiles/cmTC_c71da.dir/CheckSymbolExists.c.o  -o cmTC_c71da 
CMakeFiles/cmTC_c71da.dir/CheckSymbolExists.c.o: In Funktion »main«:
CheckSymbolExists.c:(.text+0x1b): Warnung: undefinierter Verweis auf »pthread_create«
collect2: error: ld returned 1 exit status
CMakeFiles/cmTC_c71da.dir/build.make:97: recipe for target 'cmTC_c71da' failed
make[1]: *** [cmTC_c71da] Error 1
make[1]: Verzeichnis „/home/jasonf/Dokumente/AlgoLab-HS19-ETHZ/week5/week5/punch/build/release/CMakeFiles/CMakeTmp“ wird verlassen
Makefile:126: recipe for target 'cmTC_c71da/fast' failed
make: *** [cmTC_c71da/fast] Error 2

File /home/jasonf/Dokumente/AlgoLab-HS19-ETHZ/week5/week5/punch/build/release/CMakeFiles/CMakeTmp/CheckSymbolExists.c:
/* */
#include <pthread.h>

int main(int argc, char** argv)
{
  (void)argv;
#ifndef pthread_create
  return ((int*)(&pthread_create))[argc];
#else
  (void)argc;
  return 0;
#endif
}

Determining if the function pthread_create exists in the pthreads failed with the following output:
Change Dir: /home/jasonf/Dokumente/AlgoLab-HS19-ETHZ/week5/week5/punch/build/release/CMakeFiles/CMakeTmp

Run Build Command:"/usr/bin/make" "cmTC_46260/fast"
/usr/bin/make -f CMakeFiles/cmTC_46260.dir/build.make CMakeFiles/cmTC_46260.dir/build
make[1]: Verzeichnis „/home/jasonf/Dokumente/AlgoLab-HS19-ETHZ/week5/week5/punch/build/release/CMakeFiles/CMakeTmp“ wird betreten
Building C object CMakeFiles/cmTC_46260.dir/CheckFunctionExists.c.o
/usr/bin/cc   -DCHECK_FUNCTION_EXISTS=pthread_create   -o CMakeFiles/cmTC_46260.dir/CheckFunctionExists.c.o   -c /usr/share/cmake-3.10/Modules/CheckFunctionExists.c
Linking C executable cmTC_46260
/usr/bin/cmake -E cmake_link_script CMakeFiles/cmTC_46260.dir/link.txt --verbose=1
/usr/bin/cc  -DCHECK_FUNCTION_EXISTS=pthread_create    -rdynamic CMakeFiles/cmTC_46260.dir/CheckFunctionExists.c.o  -o cmTC_46260 -lpthreads 
/usr/bin/ld: -lpthreads kann nicht gefunden werden
collect2: error: ld returned 1 exit status
CMakeFiles/cmTC_46260.dir/build.make:97: recipe for target 'cmTC_46260' failed
make[1]: *** [cmTC_46260] Error 1
make[1]: Verzeichnis „/home/jasonf/Dokumente/AlgoLab-HS19-ETHZ/week5/week5/punch/build/release/CMakeFiles/CMakeTmp“ wird verlassen
Makefile:126: recipe for target 'cmTC_46260/fast' failed
make: *** [cmTC_46260/fast] Error 2


