Determining if the pthread_create exist failed with the following output:
Change Dir: /home/jasonf/Dokumente/AlgoLab-HS19-ETHZ/week11/DHL/build/debug/CMakeFiles/CMakeTmp

Run Build Command:"/usr/bin/make" "cmTC_660eb/fast"
/usr/bin/make -f CMakeFiles/cmTC_660eb.dir/build.make CMakeFiles/cmTC_660eb.dir/build
make[1]: Verzeichnis „/home/jasonf/Dokumente/AlgoLab-HS19-ETHZ/week11/DHL/build/debug/CMakeFiles/CMakeTmp“ wird betreten
Building C object CMakeFiles/cmTC_660eb.dir/CheckSymbolExists.c.o
/usr/bin/cc    -o CMakeFiles/cmTC_660eb.dir/CheckSymbolExists.c.o   -c /home/jasonf/Dokumente/AlgoLab-HS19-ETHZ/week11/DHL/build/debug/CMakeFiles/CMakeTmp/CheckSymbolExists.c
Linking C executable cmTC_660eb
/usr/bin/cmake -E cmake_link_script CMakeFiles/cmTC_660eb.dir/link.txt --verbose=1
/usr/bin/cc      -rdynamic CMakeFiles/cmTC_660eb.dir/CheckSymbolExists.c.o  -o cmTC_660eb 
CMakeFiles/cmTC_660eb.dir/CheckSymbolExists.c.o: In Funktion »main«:
CheckSymbolExists.c:(.text+0x1b): Warnung: undefinierter Verweis auf »pthread_create«
collect2: error: ld returned 1 exit status
CMakeFiles/cmTC_660eb.dir/build.make:97: recipe for target 'cmTC_660eb' failed
make[1]: *** [cmTC_660eb] Error 1
make[1]: Verzeichnis „/home/jasonf/Dokumente/AlgoLab-HS19-ETHZ/week11/DHL/build/debug/CMakeFiles/CMakeTmp“ wird verlassen
Makefile:126: recipe for target 'cmTC_660eb/fast' failed
make: *** [cmTC_660eb/fast] Error 2

File /home/jasonf/Dokumente/AlgoLab-HS19-ETHZ/week11/DHL/build/debug/CMakeFiles/CMakeTmp/CheckSymbolExists.c:
/* */
#include <pthread.h>

int main(int argc, char** argv)
{
  (void)argv;
#ifndef pthread_create
  return ((int*)(&pthread_create))[argc];
#else
  (void)argc;
  return 0;
#endif
}

Determining if the function pthread_create exists in the pthreads failed with the following output:
Change Dir: /home/jasonf/Dokumente/AlgoLab-HS19-ETHZ/week11/DHL/build/debug/CMakeFiles/CMakeTmp

Run Build Command:"/usr/bin/make" "cmTC_9ab9f/fast"
/usr/bin/make -f CMakeFiles/cmTC_9ab9f.dir/build.make CMakeFiles/cmTC_9ab9f.dir/build
make[1]: Verzeichnis „/home/jasonf/Dokumente/AlgoLab-HS19-ETHZ/week11/DHL/build/debug/CMakeFiles/CMakeTmp“ wird betreten
Building C object CMakeFiles/cmTC_9ab9f.dir/CheckFunctionExists.c.o
/usr/bin/cc   -DCHECK_FUNCTION_EXISTS=pthread_create   -o CMakeFiles/cmTC_9ab9f.dir/CheckFunctionExists.c.o   -c /usr/share/cmake-3.10/Modules/CheckFunctionExists.c
Linking C executable cmTC_9ab9f
/usr/bin/cmake -E cmake_link_script CMakeFiles/cmTC_9ab9f.dir/link.txt --verbose=1
/usr/bin/cc  -DCHECK_FUNCTION_EXISTS=pthread_create    -rdynamic CMakeFiles/cmTC_9ab9f.dir/CheckFunctionExists.c.o  -o cmTC_9ab9f -lpthreads 
/usr/bin/ld: -lpthreads kann nicht gefunden werden
collect2: error: ld returned 1 exit status
CMakeFiles/cmTC_9ab9f.dir/build.make:97: recipe for target 'cmTC_9ab9f' failed
make[1]: *** [cmTC_9ab9f] Error 1
make[1]: Verzeichnis „/home/jasonf/Dokumente/AlgoLab-HS19-ETHZ/week11/DHL/build/debug/CMakeFiles/CMakeTmp“ wird verlassen
Makefile:126: recipe for target 'cmTC_9ab9f/fast' failed
make: *** [cmTC_9ab9f/fast] Error 2


