Determining if the pthread_create exist failed with the following output:
Change Dir: /home/jasonf/Dokumente/AlgoLab-HS19-ETHZ/week8/suez/build/debug/CMakeFiles/CMakeTmp

Run Build Command:"/usr/bin/make" "cmTC_462ca/fast"
/usr/bin/make -f CMakeFiles/cmTC_462ca.dir/build.make CMakeFiles/cmTC_462ca.dir/build
make[1]: Verzeichnis „/home/jasonf/Dokumente/AlgoLab-HS19-ETHZ/week8/suez/build/debug/CMakeFiles/CMakeTmp“ wird betreten
Building C object CMakeFiles/cmTC_462ca.dir/CheckSymbolExists.c.o
/usr/bin/cc    -o CMakeFiles/cmTC_462ca.dir/CheckSymbolExists.c.o   -c /home/jasonf/Dokumente/AlgoLab-HS19-ETHZ/week8/suez/build/debug/CMakeFiles/CMakeTmp/CheckSymbolExists.c
Linking C executable cmTC_462ca
/usr/bin/cmake -E cmake_link_script CMakeFiles/cmTC_462ca.dir/link.txt --verbose=1
/usr/bin/cc      -rdynamic CMakeFiles/cmTC_462ca.dir/CheckSymbolExists.c.o  -o cmTC_462ca 
CMakeFiles/cmTC_462ca.dir/CheckSymbolExists.c.o: In Funktion »main«:
CheckSymbolExists.c:(.text+0x1b): Warnung: undefinierter Verweis auf »pthread_create«
collect2: error: ld returned 1 exit status
CMakeFiles/cmTC_462ca.dir/build.make:97: recipe for target 'cmTC_462ca' failed
make[1]: *** [cmTC_462ca] Error 1
make[1]: Verzeichnis „/home/jasonf/Dokumente/AlgoLab-HS19-ETHZ/week8/suez/build/debug/CMakeFiles/CMakeTmp“ wird verlassen
Makefile:126: recipe for target 'cmTC_462ca/fast' failed
make: *** [cmTC_462ca/fast] Error 2

File /home/jasonf/Dokumente/AlgoLab-HS19-ETHZ/week8/suez/build/debug/CMakeFiles/CMakeTmp/CheckSymbolExists.c:
/* */
#include <pthread.h>

int main(int argc, char** argv)
{
  (void)argv;
#ifndef pthread_create
  return ((int*)(&pthread_create))[argc];
#else
  (void)argc;
  return 0;
#endif
}

Determining if the function pthread_create exists in the pthreads failed with the following output:
Change Dir: /home/jasonf/Dokumente/AlgoLab-HS19-ETHZ/week8/suez/build/debug/CMakeFiles/CMakeTmp

Run Build Command:"/usr/bin/make" "cmTC_9ef53/fast"
/usr/bin/make -f CMakeFiles/cmTC_9ef53.dir/build.make CMakeFiles/cmTC_9ef53.dir/build
make[1]: Verzeichnis „/home/jasonf/Dokumente/AlgoLab-HS19-ETHZ/week8/suez/build/debug/CMakeFiles/CMakeTmp“ wird betreten
Building C object CMakeFiles/cmTC_9ef53.dir/CheckFunctionExists.c.o
/usr/bin/cc   -DCHECK_FUNCTION_EXISTS=pthread_create   -o CMakeFiles/cmTC_9ef53.dir/CheckFunctionExists.c.o   -c /usr/share/cmake-3.10/Modules/CheckFunctionExists.c
Linking C executable cmTC_9ef53
/usr/bin/cmake -E cmake_link_script CMakeFiles/cmTC_9ef53.dir/link.txt --verbose=1
/usr/bin/cc  -DCHECK_FUNCTION_EXISTS=pthread_create    -rdynamic CMakeFiles/cmTC_9ef53.dir/CheckFunctionExists.c.o  -o cmTC_9ef53 -lpthreads 
/usr/bin/ld: -lpthreads kann nicht gefunden werden
collect2: error: ld returned 1 exit status
CMakeFiles/cmTC_9ef53.dir/build.make:97: recipe for target 'cmTC_9ef53' failed
make[1]: *** [cmTC_9ef53] Error 1
make[1]: Verzeichnis „/home/jasonf/Dokumente/AlgoLab-HS19-ETHZ/week8/suez/build/debug/CMakeFiles/CMakeTmp“ wird verlassen
Makefile:126: recipe for target 'cmTC_9ef53/fast' failed
make: *** [cmTC_9ef53/fast] Error 2


