Determining if the pthread_create exist failed with the following output:
Change Dir: /home/jasonf/Dokumente/AlgoLab-HS19-ETHZ/week6/cointossing/build/release/CMakeFiles/CMakeTmp

Run Build Command:"/usr/bin/make" "cmTC_02d70/fast"
/usr/bin/make -f CMakeFiles/cmTC_02d70.dir/build.make CMakeFiles/cmTC_02d70.dir/build
make[1]: Verzeichnis „/home/jasonf/Dokumente/AlgoLab-HS19-ETHZ/week6/cointossing/build/release/CMakeFiles/CMakeTmp“ wird betreten
Building C object CMakeFiles/cmTC_02d70.dir/CheckSymbolExists.c.o
/usr/bin/cc    -o CMakeFiles/cmTC_02d70.dir/CheckSymbolExists.c.o   -c /home/jasonf/Dokumente/AlgoLab-HS19-ETHZ/week6/cointossing/build/release/CMakeFiles/CMakeTmp/CheckSymbolExists.c
Linking C executable cmTC_02d70
/usr/bin/cmake -E cmake_link_script CMakeFiles/cmTC_02d70.dir/link.txt --verbose=1
/usr/bin/cc      -rdynamic CMakeFiles/cmTC_02d70.dir/CheckSymbolExists.c.o  -o cmTC_02d70 
CMakeFiles/cmTC_02d70.dir/CheckSymbolExists.c.o: In Funktion »main«:
CheckSymbolExists.c:(.text+0x1b): Warnung: undefinierter Verweis auf »pthread_create«
collect2: error: ld returned 1 exit status
CMakeFiles/cmTC_02d70.dir/build.make:97: recipe for target 'cmTC_02d70' failed
make[1]: *** [cmTC_02d70] Error 1
make[1]: Verzeichnis „/home/jasonf/Dokumente/AlgoLab-HS19-ETHZ/week6/cointossing/build/release/CMakeFiles/CMakeTmp“ wird verlassen
Makefile:126: recipe for target 'cmTC_02d70/fast' failed
make: *** [cmTC_02d70/fast] Error 2

File /home/jasonf/Dokumente/AlgoLab-HS19-ETHZ/week6/cointossing/build/release/CMakeFiles/CMakeTmp/CheckSymbolExists.c:
/* */
#include <pthread.h>

int main(int argc, char** argv)
{
  (void)argv;
#ifndef pthread_create
  return ((int*)(&pthread_create))[argc];
#else
  (void)argc;
  return 0;
#endif
}

Determining if the function pthread_create exists in the pthreads failed with the following output:
Change Dir: /home/jasonf/Dokumente/AlgoLab-HS19-ETHZ/week6/cointossing/build/release/CMakeFiles/CMakeTmp

Run Build Command:"/usr/bin/make" "cmTC_ac6f7/fast"
/usr/bin/make -f CMakeFiles/cmTC_ac6f7.dir/build.make CMakeFiles/cmTC_ac6f7.dir/build
make[1]: Verzeichnis „/home/jasonf/Dokumente/AlgoLab-HS19-ETHZ/week6/cointossing/build/release/CMakeFiles/CMakeTmp“ wird betreten
Building C object CMakeFiles/cmTC_ac6f7.dir/CheckFunctionExists.c.o
/usr/bin/cc   -DCHECK_FUNCTION_EXISTS=pthread_create   -o CMakeFiles/cmTC_ac6f7.dir/CheckFunctionExists.c.o   -c /usr/share/cmake-3.10/Modules/CheckFunctionExists.c
Linking C executable cmTC_ac6f7
/usr/bin/cmake -E cmake_link_script CMakeFiles/cmTC_ac6f7.dir/link.txt --verbose=1
/usr/bin/cc  -DCHECK_FUNCTION_EXISTS=pthread_create    -rdynamic CMakeFiles/cmTC_ac6f7.dir/CheckFunctionExists.c.o  -o cmTC_ac6f7 -lpthreads 
/usr/bin/ld: -lpthreads kann nicht gefunden werden
collect2: error: ld returned 1 exit status
CMakeFiles/cmTC_ac6f7.dir/build.make:97: recipe for target 'cmTC_ac6f7' failed
make[1]: *** [cmTC_ac6f7] Error 1
make[1]: Verzeichnis „/home/jasonf/Dokumente/AlgoLab-HS19-ETHZ/week6/cointossing/build/release/CMakeFiles/CMakeTmp“ wird verlassen
Makefile:126: recipe for target 'cmTC_ac6f7/fast' failed
make: *** [cmTC_ac6f7/fast] Error 2


