Determining if the pthread_create exist failed with the following output:
Change Dir: /home/jasonf/Dokumente/AlgoLab-HS19-ETHZ/week2/week2/burning_coins/build/release/CMakeFiles/CMakeTmp

Run Build Command:"/usr/bin/make" "cmTC_ae83b/fast"
/usr/bin/make -f CMakeFiles/cmTC_ae83b.dir/build.make CMakeFiles/cmTC_ae83b.dir/build
make[1]: Verzeichnis „/home/jasonf/Dokumente/AlgoLab-HS19-ETHZ/week2/week2/burning_coins/build/release/CMakeFiles/CMakeTmp“ wird betreten
Building C object CMakeFiles/cmTC_ae83b.dir/CheckSymbolExists.c.o
/usr/bin/cc    -o CMakeFiles/cmTC_ae83b.dir/CheckSymbolExists.c.o   -c /home/jasonf/Dokumente/AlgoLab-HS19-ETHZ/week2/week2/burning_coins/build/release/CMakeFiles/CMakeTmp/CheckSymbolExists.c
Linking C executable cmTC_ae83b
/usr/bin/cmake -E cmake_link_script CMakeFiles/cmTC_ae83b.dir/link.txt --verbose=1
/usr/bin/cc      -rdynamic CMakeFiles/cmTC_ae83b.dir/CheckSymbolExists.c.o  -o cmTC_ae83b 
CMakeFiles/cmTC_ae83b.dir/CheckSymbolExists.c.o: In Funktion »main«:
CheckSymbolExists.c:(.text+0x1b): Warnung: undefinierter Verweis auf »pthread_create«
collect2: error: ld returned 1 exit status
CMakeFiles/cmTC_ae83b.dir/build.make:97: recipe for target 'cmTC_ae83b' failed
make[1]: *** [cmTC_ae83b] Error 1
make[1]: Verzeichnis „/home/jasonf/Dokumente/AlgoLab-HS19-ETHZ/week2/week2/burning_coins/build/release/CMakeFiles/CMakeTmp“ wird verlassen
Makefile:126: recipe for target 'cmTC_ae83b/fast' failed
make: *** [cmTC_ae83b/fast] Error 2

File /home/jasonf/Dokumente/AlgoLab-HS19-ETHZ/week2/week2/burning_coins/build/release/CMakeFiles/CMakeTmp/CheckSymbolExists.c:
/* */
#include <pthread.h>

int main(int argc, char** argv)
{
  (void)argv;
#ifndef pthread_create
  return ((int*)(&pthread_create))[argc];
#else
  (void)argc;
  return 0;
#endif
}

Determining if the function pthread_create exists in the pthreads failed with the following output:
Change Dir: /home/jasonf/Dokumente/AlgoLab-HS19-ETHZ/week2/week2/burning_coins/build/release/CMakeFiles/CMakeTmp

Run Build Command:"/usr/bin/make" "cmTC_2cb0d/fast"
/usr/bin/make -f CMakeFiles/cmTC_2cb0d.dir/build.make CMakeFiles/cmTC_2cb0d.dir/build
make[1]: Verzeichnis „/home/jasonf/Dokumente/AlgoLab-HS19-ETHZ/week2/week2/burning_coins/build/release/CMakeFiles/CMakeTmp“ wird betreten
Building C object CMakeFiles/cmTC_2cb0d.dir/CheckFunctionExists.c.o
/usr/bin/cc   -DCHECK_FUNCTION_EXISTS=pthread_create   -o CMakeFiles/cmTC_2cb0d.dir/CheckFunctionExists.c.o   -c /usr/share/cmake-3.10/Modules/CheckFunctionExists.c
Linking C executable cmTC_2cb0d
/usr/bin/cmake -E cmake_link_script CMakeFiles/cmTC_2cb0d.dir/link.txt --verbose=1
/usr/bin/cc  -DCHECK_FUNCTION_EXISTS=pthread_create    -rdynamic CMakeFiles/cmTC_2cb0d.dir/CheckFunctionExists.c.o  -o cmTC_2cb0d -lpthreads 
/usr/bin/ld: -lpthreads kann nicht gefunden werden
collect2: error: ld returned 1 exit status
CMakeFiles/cmTC_2cb0d.dir/build.make:97: recipe for target 'cmTC_2cb0d' failed
make[1]: *** [cmTC_2cb0d] Error 1
make[1]: Verzeichnis „/home/jasonf/Dokumente/AlgoLab-HS19-ETHZ/week2/week2/burning_coins/build/release/CMakeFiles/CMakeTmp“ wird verlassen
Makefile:126: recipe for target 'cmTC_2cb0d/fast' failed
make: *** [cmTC_2cb0d/fast] Error 2


